0 info it worked if it ends with ok
1 verbose cli [ '/usr/local/bin/iojs', '/usr/local/bin/npm', 'run', 'watch' ]
2 info using npm@2.8.3
3 info using node@v1.8.1
4 verbose run-script [ 'prewatch', 'watch', 'postwatch' ]
5 info prewatch react-course@1.0.0
6 info watch react-course@1.0.0
7 verbose unsafe-perm in lifecycle true
8 info react-course@1.0.0 Failed to exec watch script
9 verbose stack Error: react-course@1.0.0 watch: `webpack-dev-server --hot  --progress --colors`
9 verbose stack Exit status 1
9 verbose stack     at EventEmitter.<anonymous> (/usr/local/lib/node_modules/npm/lib/utils/lifecycle.js:213:16)
9 verbose stack     at emitTwo (events.js:87:13)
9 verbose stack     at EventEmitter.emit (events.js:169:7)
9 verbose stack     at ChildProcess.<anonymous> (/usr/local/lib/node_modules/npm/lib/utils/spawn.js:24:14)
9 verbose stack     at emitTwo (events.js:87:13)
9 verbose stack     at ChildProcess.emit (events.js:169:7)
9 verbose stack     at maybeClose (child_process.js:953:16)
9 verbose stack     at Process.ChildProcess._handle.onexit (child_process.js:1020:5)
10 verbose pkgid react-course@1.0.0
11 verbose cwd /source/courses/react-course
12 error Darwin 14.1.0
13 error argv "/usr/local/bin/iojs" "/usr/local/bin/npm" "run" "watch"
14 error node v1.8.1
15 error npm  v2.8.3
16 error code ELIFECYCLE
17 error react-course@1.0.0 watch: `webpack-dev-server --hot  --progress --colors`
17 error Exit status 1
18 error Failed at the react-course@1.0.0 watch script 'webpack-dev-server --hot  --progress --colors'.
18 error This is most likely a problem with the react-course package,
18 error not with npm itself.
18 error Tell the author that this fails on your system:
18 error     webpack-dev-server --hot  --progress --colors
18 error You can get their info via:
18 error     npm owner ls react-course
18 error There is likely additional logging output above.
19 verbose exit [ 1, true ]
